<?xml version="1.0" encoding="utf-8"?><testsuites name="pytest tests"><testsuite name="pytest" errors="0" failures="0" skipped="0" tests="5" time="1.393" timestamp="2026-09-16T11:57:38.273491+00:00" hostname="agent-env-a359d1f9-ff19-4f0c-ada9-5fe50f45abdd"><testcase classname="tests.test_monthly_checklist" name="test_default_month_returns_pdf" time="0.204" /><testcase classname="tests.test_monthly_checklist" name="test_specific_month_returns_pdf" time="0.123" /><testcase classname="tests.test_monthly_checklist" name="test_month_with_no_activity_still_returns_pdf" time="0.097" /><testcase classname="tests.test_monthly_checklist" name="test_pdf_contains_title_and_totals" time="0.120" /><testcase classname="tests.test_monthly_checklist" name="test_dashboard_pending_month_matches_checklist_default" time="0.309" /></testsuite></testsuites>