<?xml version="1.0" encoding="utf-8"?><testsuites name="pytest tests"><testsuite name="pytest" errors="0" failures="0" skipped="0" tests="6" time="2.091" timestamp="2026-09-21T10:12:24.384691+00:00" hostname="agent-env-a359d1f9-ff19-4f0c-ada9-5fe50f45abdd"><testcase classname="tests.test_gml_facility.TestGMLFacility" name="test_create_gml_facility" time="0.252" /><testcase classname="tests.test_gml_facility.TestGMLFacility" name="test_gml_appears_in_wcdl_working" time="0.553" /><testcase classname="tests.test_gml_facility.TestGMLFacility" name="test_gml_loan_creation_and_interest" time="0.355" /><testcase classname="tests.test_gml_facility.TestGMLFacility" name="test_cc_facility_still_rejects_wcdl_loan" time="0.208" /><testcase classname="tests.test_gml_facility.TestGMLFacility" name="test_invalid_type_rejected" time="0.103" /><testcase classname="tests.test_gml_facility.TestGMLFacility" name="test_db_empty_after_cleanup" time="0.113" /></testsuite></testsuites>