<?xml version="1.0" encoding="utf-8"?><testsuites name="pytest tests"><testsuite name="pytest" errors="0" failures="0" skipped="0" tests="8" time="4.293" timestamp="2026-09-16T11:00:50.654561+00:00" hostname="agent-env-a359d1f9-ff19-4f0c-ada9-5fe50f45abdd"><testcase classname="tests.test_statement_import" name="test_parse_csv_auto_mapping" time="0.180" /><testcase classname="tests.test_statement_import" name="test_parse_empty_file_rejected" time="0.229" /><testcase classname="tests.test_statement_import" name="test_parse_headers_only_rejected" time="0.104" /><testcase classname="tests.test_statement_import" name="test_dry_run_and_commit_and_persistence" time="1.462" /><testcase classname="tests.test_statement_import" name="test_commit_without_date_col_rejected" time="0.191" /><testcase classname="tests.test_statement_import" name="test_single_amount_column_with_drcr" time="0.387" /><testcase classname="tests.test_statement_import" name="test_xlsx_parse_and_commit" time="1.083" /><testcase classname="tests.test_statement_import" name="test_commit_on_wcdl_rejected" time="0.077" /></testsuite></testsuites>