<?xml version="1.0" encoding="utf-8"?><testsuites name="pytest tests"><testsuite name="pytest" errors="0" failures="12" skipped="1" tests="48" time="5.943" timestamp="2026-09-24T09:55:21.850725+00:00" hostname="agent-env-a359d1f9-ff19-4f0c-ada9-5fe50f45abdd"><testcase classname="tests.test_statement_import" name="test_parse_csv_auto_mapping" time="0.128" /><testcase classname="tests.test_backend_api" name="test_list_facilities_seeded" time="0.154"><failure message="assert (True and 0 == 4)&#10; +  where True = isinstance([], list)&#10; +  and   0 = len([])">backend/tests/test_backend_api.py:15: in test_list_facilities_seeded
    assert isinstance(facs, list) and len(facs) == 4
E   assert (True and 0 == 4)
E    +  where True = isinstance([], list)
E    +  and   0 = len([])</failure></testcase><testcase classname="tests.test_statement_import" name="test_parse_empty_file_rejected" time="0.102" /><testcase classname="tests.test_backend_api" name="test_facility_crud_and_convention_change" time="0.432" /><testcase classname="tests.test_statement_import" name="test_parse_headers_only_rejected" time="0.095" /><testcase classname="tests.test_statement_import" name="test_dry_run_and_commit_and_persistence" time="0.627" /><testcase classname="tests.test_backend_api" name="test_rate_history_add_duplicate_and_delete_last" time="0.143"><failure message="AssertionError: {&quot;detail&quot;:&quot;Facility not found&quot;}&#10;assert 404 == 201&#10; +  where 404 = &lt;Response [404]&gt;.status_code">backend/tests/test_backend_api.py:55: in test_rate_history_add_duplicate_and_delete_last
    assert r.status_code == 201, r.text
E   AssertionError: {"detail":"Facility not found"}
E   assert 404 == 201
E    +  where 404 = &lt;Response [404]&gt;.status_code</failure></testcase><testcase classname="tests.test_backend_api" name="test_cc_working_hdfc_split_at_rate_change" time="0.147"><failure message="assert 404 == 200&#10; +  where 404 = &lt;Response [404]&gt;.status_code">backend/tests/test_backend_api.py:82: in test_cc_working_hdfc_split_at_rate_change
    assert r.status_code == 200
E   assert 404 == 200
E    +  where 404 = &lt;Response [404]&gt;.status_code</failure></testcase><testcase classname="tests.test_backend_api" name="test_cc_working_icici_and_opening_row" time="0.095"><failure message="KeyError: 'rows'">backend/tests/test_backend_api.py:99: in test_cc_working_icici_and_opening_row
    rows = d["rows"]
           ^^^^^^^^^
E   KeyError: 'rows'</failure></testcase><testcase classname="tests.test_backend_api" name="test_convention_change_scales_interest" time="0.188"><failure message="assert (404 == 200)&#10; +  where 404 = &lt;Response [404]&gt;.status_code">backend/tests/test_backend_api.py:122: in test_convention_change_scales_interest
    assert r.status_code == 200 and r.json()["day_count"] == 360
E   assert (404 == 200)
E    +  where 404 = &lt;Response [404]&gt;.status_code</failure></testcase><testcase classname="tests.test_statement_import" name="test_commit_without_date_col_rejected" time="0.318" /><testcase classname="tests.test_backend_api" name="test_cc_transaction_add_delete_and_validation" time="0.133"><failure message="assert 404 == 400&#10; +  where 404 = &lt;Response [404]&gt;.status_code">backend/tests/test_backend_api.py:134: in test_cc_transaction_add_delete_and_validation
    assert r.status_code == 400
E   assert 404 == 400
E    +  where 404 = &lt;Response [404]&gt;.status_code</failure></testcase><testcase classname="tests.test_backend_api" name="test_wcdl_working_june" time="0.103"><failure message="assert ([])">backend/tests/test_backend_api.py:160: in test_wcdl_working_june
    assert axis and abs(axis[0]["interest"] - 349315.07) &lt; 1.0
E   assert ([])</failure></testcase><testcase classname="tests.test_statement_import" name="test_single_amount_column_with_drcr" time="0.482" /><testcase classname="tests.test_backend_api" name="test_wcdl_loan_add_prepayment_and_validation" time="0.709" /><testcase classname="tests.test_statement_import" name="test_xlsx_parse_and_commit" time="1.084" /><testcase classname="tests.test_backend_api" name="test_dashboard" time="0.105"><failure message="assert 10000000.0 &gt;= 155000000">backend/tests/test_backend_api.py:202: in test_dashboard
    assert d["limit"] &gt;= 155000000
E   assert 10000000.0 &gt;= 155000000</failure></testcase><testcase classname="tests.test_backend_api" name="test_reconciliation" time="0.175" /><testcase classname="tests.test_gml_facility.TestGMLFacility" name="test_create_gml_facility" time="0.238" /><testcase classname="tests.test_gml_facility.TestGMLFacility" name="test_gml_appears_in_wcdl_working" time="0.221" /><testcase classname="tests.test_gml_facility.TestGMLFacility" name="test_gml_loan_creation_and_interest" time="0.288" /><testcase classname="tests.test_statement_import" name="test_iso_date_not_misparsed_as_month_first" time="0.489" /><testcase classname="tests.test_gml_facility.TestGMLFacility" name="test_cc_facility_still_rejects_wcdl_loan" time="0.169" /><testcase classname="tests.test_statement_import" name="test_commit_on_wcdl_rejected" time="0.082"><failure message="assert 404 == 400&#10; +  where 404 = &lt;Response [404]&gt;.status_code">backend/tests/test_statement_import.py:161: in test_commit_on_wcdl_rejected
    assert r.status_code == 400
E   assert 404 == 400
E    +  where 404 = &lt;Response [404]&gt;.status_code</failure></testcase><testcase classname="tests.test_gml_facility.TestGMLFacility" name="test_invalid_type_rejected" time="0.069" /><testcase classname="tests.test_gml_facility.TestGMLFacility" name="test_db_empty_after_cleanup" time="0.079" /><testcase classname="tests.test_dashboard_pending" name="test_dashboard_contains_pending_fields" time="0.105" /><testcase classname="tests.test_monthly_checklist" name="test_default_month_returns_pdf" time="0.092" /><testcase classname="tests.test_dashboard_pending" name="test_pending_month_independent_of_query_param" time="0.133" /><testcase classname="tests.test_monthly_checklist" name="test_specific_month_returns_pdf" time="0.091" /><testcase classname="tests.test_dashboard_pending" name="test_pending_entries_have_expected_shape_and_conditions" time="0.091" /><testcase classname="tests.test_monthly_checklist" name="test_month_with_no_activity_still_returns_pdf" time="0.099" /><testcase classname="tests.test_dashboard_pending" name="test_certificate_upsert_removes_facility_from_pending_then_delete_restores" time="0.052"><skipped type="pytest.skip" message="no pending entries to toggle">/app/backend/tests/test_dashboard_pending.py:53: no pending entries to toggle</skipped></testcase><testcase classname="tests.test_monthly_checklist" name="test_pdf_contains_title_and_totals" time="0.095" /><testcase classname="tests.test_dashboard_pending" name="test_seed_data_integrity" time="0.051"><failure message="KeyError: 'icici-cc'">backend/tests/test_dashboard_pending.py:80: in test_seed_data_integrity
    assert by_id["icici-cc"]["outstanding"] == 29600000, by_id["icici-cc"]
           ^^^^^^^^^^^^^^^^^
E   KeyError: 'icici-cc'</failure></testcase><testcase classname="tests.test_seed_gate.TestSeedGate" name="test_seed_unset_does_nothing" time="0.008" /><testcase classname="tests.test_seed_gate.TestSeedGate" name="test_seed_false_does_nothing" time="0.005" /><testcase classname="tests.test_monthly_checklist" name="test_dashboard_pending_month_matches_checklist_default" time="0.221" /><testcase classname="tests.test_seed_gate.TestSeedGate" name="test_seed_true_populates" time="0.050" /><testcase classname="tests.test_seed_gate.TestSeedGate" name="test_seed_true_but_db_flag_disables" time="0.019" /><testcase classname="tests.test_seed_gate.TestLivePreviewRegression" name="test_health_ok" time="0.097" /><testcase classname="tests.test_seed_gate.TestLivePreviewRegression" name="test_facilities_still_empty" time="0.129" /><testcase classname="tests.test_inline_edit.TestWCDLLoanUpdate" name="test_update_loan_and_validation[WCDL]" time="0.497" /><testcase classname="tests.test_inline_edit.TestFacilityUpdate" name="test_update_facility_persists" time="0.246" /><testcase classname="tests.test_inline_edit.TestCCTransactionUpdate" name="test_update_cc_tx_and_validation" time="0.436" /><testcase classname="tests.test_inline_edit.TestWCDLLoanUpdate" name="test_update_loan_and_validation[GML]" time="0.346"><failure message="assert 404 == 400&#10; +  where 404 = &lt;Response [404]&gt;.status_code">backend/tests/test_inline_edit.py:116: in test_update_loan_and_validation
    assert r3.status_code == 400
E   assert 404 == 400
E    +  where 404 = &lt;Response [404]&gt;.status_code</failure></testcase><testcase classname="tests.test_interest_endpoints" name="test_interest_read_endpoints_have_expected_data" time="0.178"><failure message="assert []">backend/tests/test_interest_endpoints.py:21: in test_interest_read_endpoints_have_expected_data
    assert data
E   assert []</failure></testcase><testcase classname="tests.test_inline_edit" name="test_db_empty_before_and_after" time="0.126" /></testsuite></testsuites>