<?xml version="1.0" encoding="utf-8"?><testsuites name="pytest tests"><testsuite name="pytest" errors="0" failures="2" skipped="0" tests="26" time="5.797" timestamp="2026-09-16T11:38:04.891893+00:00" hostname="agent-env-a359d1f9-ff19-4f0c-ada9-5fe50f45abdd"><testcase classname="tests.test_statement_import" name="test_parse_csv_auto_mapping" time="0.120" /><testcase classname="tests.test_backend_api" name="test_list_facilities_seeded" time="0.107" /><testcase classname="tests.test_backend_api" name="test_facility_crud_and_convention_change" time="0.383" /><testcase classname="tests.test_statement_import" name="test_parse_empty_file_rejected" time="0.134" /><testcase classname="tests.test_statement_import" name="test_parse_headers_only_rejected" time="0.091" /><testcase classname="tests.test_statement_import" name="test_dry_run_and_commit_and_persistence" time="0.643" /><testcase classname="tests.test_backend_api" name="test_rate_history_add_duplicate_and_delete_last" time="0.612" /><testcase classname="tests.test_statement_import" name="test_commit_without_date_col_rejected" time="0.262" /><testcase classname="tests.test_backend_api" name="test_cc_working_hdfc_split_at_rate_change" time="0.095" /><testcase classname="tests.test_backend_api" name="test_cc_working_icici_and_opening_row" time="0.200" /><testcase classname="tests.test_statement_import" name="test_single_amount_column_with_drcr" time="0.390" /><testcase classname="tests.test_backend_api" name="test_convention_change_scales_interest" time="0.311" /><testcase classname="tests.test_backend_api" name="test_cc_transaction_add_delete_and_validation" time="2.615" /><testcase classname="tests.test_statement_import" name="test_xlsx_parse_and_commit" time="0.852" /><testcase classname="tests.test_statement_import" name="test_iso_date_not_misparsed_as_month_first" time="0.395" /><testcase classname="tests.test_statement_import" name="test_commit_on_wcdl_rejected" time="0.145" /><testcase classname="tests.test_dashboard_pending" name="test_dashboard_contains_pending_fields" time="0.097" /><testcase classname="tests.test_dashboard_pending" name="test_pending_month_independent_of_query_param" time="0.203" /><testcase classname="tests.test_dashboard_pending" name="test_pending_entries_have_expected_shape_and_conditions" time="0.256" /><testcase classname="tests.test_dashboard_pending" name="test_certificate_upsert_removes_facility_from_pending_then_delete_restores" time="0.369" /><testcase classname="tests.test_dashboard_pending" name="test_seed_data_integrity" time="0.118"><failure message="AssertionError: {'rows': [{'id': '5a847917-e252-4606-8b7d-ef41aecb88ad', 'segment': False, 'loan': 'WCDL-SBI-1182', 'facility_id': 'sbi-wcdl', ...}], 'ours': 90578.12, 'bank': 90800.0, 'calculated_bank': 90800, ...}&#10;assert 1 &gt;= 2&#10; +  where 1 = len([{'id': '5a847917-e252-4606-8b7d-ef41aecb88ad', 'segment': False, 'loan': 'WCDL-SBI-1182', 'facility_id': 'sbi-wcdl', ...}])">tests/test_dashboard_pending.py:86: in test_seed_data_integrity
    assert len(w["rows"]) &gt;= 2, w
E   AssertionError: {'rows': [{'id': '5a847917-e252-4606-8b7d-ef41aecb88ad', 'segment': False, 'loan': 'WCDL-SBI-1182', 'facility_id': 'sbi-wcdl', ...}], 'ours': 90578.12, 'bank': 90800.0, 'calculated_bank': 90800, ...}
E   assert 1 &gt;= 2
E    +  where 1 = len([{'id': '5a847917-e252-4606-8b7d-ef41aecb88ad', 'segment': False, 'loan': 'WCDL-SBI-1182', 'facility_id': 'sbi-wcdl', ...}])</failure></testcase><testcase classname="tests.test_interest_endpoints" name="test_interest_read_endpoints_have_expected_data" time="0.489" /><testcase classname="tests.test_backend_api" name="test_wcdl_working_june" time="0.083"><failure message="assert ([])">tests/test_backend_api.py:160: in test_wcdl_working_june
    assert axis and abs(axis[0]["interest"] - 349315.07) &lt; 1.0
E   assert ([])</failure></testcase><testcase classname="tests.test_backend_api" name="test_wcdl_loan_add_prepayment_and_validation" time="0.605" /><testcase classname="tests.test_backend_api" name="test_dashboard" time="0.132" /><testcase classname="tests.test_backend_api" name="test_reconciliation" time="0.087" /></testsuite></testsuites>