<?xml version="1.0" encoding="utf-8"?><testsuites name="pytest tests"><testsuite name="pytest" errors="0" failures="0" skipped="0" tests="11" time="3.311" timestamp="2026-09-16T10:46:17.741018+00:00" hostname="agent-env-a359d1f9-ff19-4f0c-ada9-5fe50f45abdd"><testcase classname="tests.test_backend_api" name="test_list_facilities_seeded" time="0.155" /><testcase classname="tests.test_backend_api" name="test_facility_crud_and_convention_change" time="0.366" /><testcase classname="tests.test_backend_api" name="test_rate_history_add_duplicate_and_delete_last" time="0.596" /><testcase classname="tests.test_backend_api" name="test_cc_working_hdfc_split_at_rate_change" time="0.080" /><testcase classname="tests.test_backend_api" name="test_cc_working_icici_and_opening_row" time="0.162" /><testcase classname="tests.test_backend_api" name="test_convention_change_scales_interest" time="0.247" /><testcase classname="tests.test_backend_api" name="test_cc_transaction_add_delete_and_validation" time="0.401" /><testcase classname="tests.test_backend_api" name="test_wcdl_working_june" time="0.100" /><testcase classname="tests.test_backend_api" name="test_wcdl_loan_add_prepayment_and_validation" time="0.380" /><testcase classname="tests.test_backend_api" name="test_dashboard" time="0.106" /><testcase classname="tests.test_backend_api" name="test_reconciliation" time="0.088" /></testsuite></testsuites>