<?xml version="1.0" encoding="utf-8"?><testsuites name="pytest tests"><testsuite name="pytest" errors="0" failures="0" skipped="0" tests="6" time="1.495" timestamp="2026-09-24T09:55:02.784371+00:00" hostname="agent-env-a359d1f9-ff19-4f0c-ada9-5fe50f45abdd"><testcase classname="tests.test_seed_gate.TestLivePreviewRegression" name="test_health_ok" time="0.375" /><testcase classname="tests.test_seed_gate.TestSeedGate" name="test_seed_unset_does_nothing" time="0.017" /><testcase classname="tests.test_seed_gate.TestSeedGate" name="test_seed_false_does_nothing" time="0.005" /><testcase classname="tests.test_seed_gate.TestSeedGate" name="test_seed_true_populates" time="0.059" /><testcase classname="tests.test_seed_gate.TestSeedGate" name="test_seed_true_but_db_flag_disables" time="0.015" /><testcase classname="tests.test_seed_gate.TestLivePreviewRegression" name="test_facilities_still_empty" time="0.258" /></testsuite></testsuites>